<?xml version="1.0" encoding="UTF-8"?>
<!-- Generated by org.testng.reporters.JUnitXMLReporter -->
<testsuite hostname="DESKTOP-QEV1T8U" ignored="0" name="BankingApp Test" tests="2" failures="0" timestamp="27 Jul 2021 11:39:36 GMT" time="84.666" errors="0">
  <testcase name="loginTest" time="14.672" classname="com.inetbanking.testCases.TC_LoginTest_001"/>
  <testcase name="addNewCustomer" time="19.805" classname="com.inetbanking.testCases.TC_AddCustomerTest_003"/>
</testsuite> <!-- BankingApp Test -->
