<?xml version="1.0" encoding="UTF-8"?>
<!-- Generated by org.testng.reporters.JUnitXMLReporter -->
<testsuite hostname="DESKTOP-QEV1T8U" ignored="0" name="BankingApp Test(failed)(failed)(failed)(failed)" tests="2" failures="0" timestamp="24 Jul 2021 12:17:30 GMT" time="44.241" errors="0">
  <testcase name="loginDDT" time="13.884" classname="com.inetbanking.testCases.Tc_LoginDDT_002"/>
  <testcase name="loginDDT" time="10.899" classname="com.inetbanking.testCases.Tc_LoginDDT_002"/>
</testsuite> <!-- BankingApp Test(failed)(failed)(failed)(failed) -->
