<?xml version="1.0" encoding="UTF-8"?>
<testng-results skipped="0" failed="0" ignored="0" total="2" passed="2">
  <reporter-output>
  </reporter-output>
  <suite name="Failed suite [Failed suite [Failed suite [Failed suite [InetBankingV1]]]]" duration-ms="44241" started-at="2021-07-24T12:16:46Z" finished-at="2021-07-24T12:17:30Z">
    <groups>
    </groups>
    <test name="BankingApp Test(failed)(failed)(failed)(failed)" duration-ms="44241" started-at="2021-07-24T12:16:46Z" finished-at="2021-07-24T12:17:30Z">
      <class name="com.inetbanking.testCases.Tc_LoginDDT_002">
        <test-method status="PASS" signature="setup(java.lang.String)[pri:0, instance:com.inetbanking.testCases.Tc_LoginDDT_002@57fffcd7]" name="setup" is-config="true" duration-ms="12229" started-at="2021-07-24T12:16:46Z" finished-at="2021-07-24T12:16:58Z">
          <params>
            <param index="0">
              <value>
                <![CDATA[chrome]]>
              </value>
            </param>
          </params>
          <reporter-output>
          </reporter-output>
        </test-method> <!-- setup -->
        <test-method status="PASS" signature="loginDDT(java.lang.String, java.lang.String)[pri:0, instance:com.inetbanking.testCases.Tc_LoginDDT_002@57fffcd7]" name="loginDDT" duration-ms="13884" started-at="2021-07-24T12:17:04Z" data-provider="LoginData" finished-at="2021-07-24T12:17:18Z">
          <params>
            <param index="0">
              <value>
                <![CDATA[mngr342505]]>
              </value>
            </param>
            <param index="1">
              <value>
                <![CDATA[asUgEta]]>
              </value>
            </param>
          </params>
          <reporter-output>
          </reporter-output>
        </test-method> <!-- loginDDT -->
        <test-method status="PASS" signature="loginDDT(java.lang.String, java.lang.String)[pri:0, instance:com.inetbanking.testCases.Tc_LoginDDT_002@57fffcd7]" name="loginDDT" duration-ms="10899" started-at="2021-07-24T12:17:18Z" data-provider="LoginData" finished-at="2021-07-24T12:17:29Z">
          <params>
            <param index="0">
              <value>
                <![CDATA[mngr342505]]>
              </value>
            </param>
            <param index="1">
              <value>
                <![CDATA[asUgEta]]>
              </value>
            </param>
          </params>
          <reporter-output>
          </reporter-output>
        </test-method> <!-- loginDDT -->
        <test-method status="PASS" signature="tearDown()[pri:0, instance:com.inetbanking.testCases.Tc_LoginDDT_002@57fffcd7]" name="tearDown" is-config="true" duration-ms="1125" started-at="2021-07-24T12:17:29Z" finished-at="2021-07-24T12:17:30Z">
          <reporter-output>
          </reporter-output>
        </test-method> <!-- tearDown -->
      </class> <!-- com.inetbanking.testCases.Tc_LoginDDT_002 -->
    </test> <!-- BankingApp Test(failed)(failed)(failed)(failed) -->
  </suite> <!-- Failed suite [Failed suite [Failed suite [Failed suite [InetBankingV1]]]] -->
</testng-results>
